<doc><para>Failed</para></doc>
