<doc>
<items>
<item/>
<item>Failed</item>
</items>
</doc>
