<doc>
This is an <emph>important</emph> point.
</doc>
