<doc><appendix>Failed</appendix></doc>
