<H1>
  <H2>
    <H3>
      <H4>one</H4>
      <H4>two</H4>
      <H4>three</H4>
    </H3>
  </H2>
</H1>
