<doc><div><div></div></div></doc>
