<expense-report>
<total>1234</total>
</expense-report>
