<doc><para attr="Failed"/></doc>
