<doc><para class="Failed"/></doc>
