<doc>
  <div id="lookup">Success</div>
  <div id="unwanted">Failed</div>
</doc>
