<doc>
  <appendix>
    <title/>
    <content>
      <para>Failed</para>
    </content>
  </appendix>
</doc>
