<namelist>
  <name>name1</name>
  <name>name2</name>
  <name>name3</name>
</namelist>
