<doc><olist><item>Failed</item></olist></doc>
