<doc>
<p/>
<div class="appendix">
<para>
<p>Failed</p>
</para>
</div>
</doc>

