<article>
<title>The article title</title>
<para>first para <big>important stuff</big> ...</para>
<para>second para ...</para>
</article>
