<doc>
  <div id="lookup"/>
  <div id="unwanted"/>
</doc>
