<employees>
  <employee>
    <name>
      <given>Joel</given>
      <family>Veillard</family>
    </name>
  </employee>
  <employee>
    <name>
      <given>Daniel</given>
      <family>Veillard</family>
    </name>
  </employee>
  <employee>
    <name>
      <given>Joe</given>
      <family>Bar</family>
    </name>
  </employee>
</employees>
