<doc>
<title/>
<para>Failed</para>
<para></para>
</doc>
