<doc>
<chapter>
<heading>this is the heading</heading>
</chapter>
</doc>
