<doc>
<title/>
<para>Failed</para>
<title/>
</doc>
