<doc attr="value">
    <child attr1="val" attr2="val2">content</child>
</doc>
