<list>
  <ol>
    <item>First</item>
    <item>Second</item>
    <item>Third</item>
    <item>Fourth</item>
  </ol>
</list>
