<doc>
<para>Failed</para>
<title/>
<para/>
</doc>
