<employees>
  <employee>
    <name>
      <given>James</given>
      <family>Clark</family>
    </name>
  </employee>
  <employee>
    <name>
      <given>Daniel</given>
      <family>Veillard</family>
    </name>
  </employee>
  <employee>
    <name>
      <given>Michael</given>
      <family>Kay</family>
    </name>
  </employee>
</employees>
