<doc><item>Failed</item><item/></doc>
